<?xml version="1.0" encoding="UTF-8" ?>
<testsuites>
  <testsuite errors="0" failures="0" hostname="jjpl121" id="0" name="GenericTestCase" package="com.jj.selenium.test" testCase="ASDASignIn" tests="1" time="68.219" timestamp="2012-02-13T11:58:01">
      <properties>
[...]
</properties>

      <testcase classname="com.jj.selenium.test.GenericTestCase" name="test" test="ASDASignIn" time="67.953" />

      <system-out><![CDATA[SetUp method is called
Starting execution of initializeBrowser()
Test Case Being executed :Name: /xl/worksheets/sheet1.xml - Content Type: application/vnd.openxmlformats-officedocument.spreadsheetml.worksheet+xml
testCase.getRow(1) : <xml-fragment r="2" spans="1:10" xmlns:r="http://schemas.openxmlformats.org/officeDocument/2006/relationships" xmlns:main="http://schemas.openxmlformats.org/spreadsheetml/2006/main">
  <main:c r="A2" t="s">
    <main:v>61</main:v>
  </main:c>
  <main:c r="B2" t="s">
    <main:v>69</main:v>
  </main:c>
  <main:c r="C2"/>
  <main:c r="D2" t="s">
    <main:v>79</main:v>
  </main:c>
  <main:c r="E2" t="s">
    <main:v>70</main:v>
  </main:c>
  <main:c r="F2" s="5" t="s">
    <main:v>82</main:v>
  </main:c>
  <main:c r="G2" t="s">
    <main:v>77</main:v>
  </main:c>
  <main:c r="H2" t="s">
    <main:v>80</main:v>
  </main:c>
  <main:c r="J2" t="s">
    <main:v>93</main:v>
  </main:c>
</xml-fragment>
Cell : Firefox
Browser: Firefox
Started execution of initializeFireFox
Started Executing handleDataInput()
Field Type : Browser
Search Element By :  
Search Element : 
Row Count: 2-Go To Home Page 
Screenshot Path: C:\Selenium\ExternalizeSelenium\screenshot\ASDASignIn\2-Go To Home Page .jpeg
Inside takeScreenshot
Driver: org.openqa.selenium.firefox.FirefoxDriver@145fe3b
Copying screenshot
Screenshot copied
Started Executing handleDataInput()
Field Type : TextBox
Input type is textbox
Inside findElement
Searching by IDh-signin-input1
Ele : org.openqa.selenium.firefox.FirefoxWebElement@67b7a267
findElement executed.
Web ELement :[org.openqa.selenium.firefox.FirefoxWebElement@67b7a267]
Calling addDataInTextBox
Started executing addDataInTextBox 
Finished executing addDataInTextBox 
Row Count: 3-Enter User Name
Screenshot Path: C:\Selenium\ExternalizeSelenium\screenshot\ASDASignIn\3-Enter User Name.jpeg
Inside takeScreenshot
Driver: org.openqa.selenium.firefox.FirefoxDriver@145fe3b
Copying screenshot
Screenshot copied
Started Executing handleDataInput()
Field Type : TextBox
Input type is textbox
Inside findElement
Searching by IDh-signin-input3
Ele : org.openqa.selenium.firefox.FirefoxWebElement@2e10f427
findElement executed.
Web ELement :[org.openqa.selenium.firefox.FirefoxWebElement@2e10f427]
Calling addDataInTextBox
Started executing addDataInTextBox 
Element h-signin-input3 performing action + Enter Password has been made invisble.
Row Count: 4-Enter Password
Screenshot Path: C:\Selenium\ExternalizeSelenium\screenshot\ASDASignIn\4-Enter Password.jpeg
Inside takeScreenshot
Driver: org.openqa.selenium.firefox.FirefoxDriver@145fe3b
Copying screenshot
Screenshot copied
Started Executing handleDataInput()
Field Type : TextBox
Input type is textbox
Inside findElement
Searching by IDh-signin-input2
Ele : org.openqa.selenium.firefox.FirefoxWebElement@1ecf5b55
findElement executed.
Web ELement :[org.openqa.selenium.firefox.FirefoxWebElement@1ecf5b55]
Calling addDataInTextBox
Started executing addDataInTextBox 
Finished executing addDataInTextBox 
Inside findElement
Searching by IDh-signin-button
Ele : org.openqa.selenium.firefox.FirefoxWebElement@5d5686cb
findElement executed.
Size: 1
Test Case ASDASignIn has been executed. 
tearDown() is called
77777777 Inside setSystemOutput
]]></system-out>

      <system-err><![CDATA[Hello Error!!! 
]]></system-err>

  </testsuite>
</testsuites>
